# JRE version: Java(TM) SE Runtime Environment (8.0_221-b11) (build 1.8.0_221-b11)
# Java VM: Java HotSpot(TM) 64-Bit Server VM (25.221-b11 mixed mode bsd-amd64 compressed oops)
Heap:
 PSYoungGen      total 675328K, used 278088K [0x0000000795580000, 0x00000007c0000000, 0x00000007c0000000)
  eden space 653824K, 40% used [0x0000000795580000,0x00000007a56f1568,0x00000007bd400000)
  from space 21504K, 67% used [0x00000007beb00000,0x00000007bf920c20,0x00000007c0000000)
  to   space 22528K, 0% used [0x00000007bd400000,0x00000007bd400000,0x00000007bea00000)
 ParOldGen       total 94720K, used 34632K [0x0000000740000000, 0x0000000745c80000, 0x0000000795580000)
  object space 94720K, 36% used [0x0000000740000000,0x00000007421d23b0,0x0000000745c80000)
 Metaspace       used 42555K, capacity 44315K, committed 44544K, reserved 1087488K
  class space    used 5532K, capacity 5861K, committed 5888K, reserved 1048576K
GC Heap History (10 events):
Event: 9.716 GC heap before
{Heap before GC invocations=14 (full 1):
 PSYoungGen      total 339456K, used 313602K [0x0000000795580000, 0x00000007ab780000, 0x00000007c0000000)
  eden space 318464K, 97% used [0x0000000795580000,0x00000007a85da158,0x00000007a8c80000)
  from space 20992K, 9% used [0x00000007aa300000,0x00000007aa4e6a48,0x00000007ab780000)
  to   space 22016K, 0% used [0x00000007a8c80000,0x00000007a8c80000,0x00000007aa200000)
 ParOldGen       total 83968K, used 37552K [0x0000000740000000, 0x0000000745200000, 0x0000000795580000)
  object space 83968K, 44% used [0x0000000740000000,0x00000007424ac118,0x0000000745200000)
 Metaspace       used 28442K, capacity 29183K, committed 29440K, reserved 1075200K
  class space    used 3598K, capacity 3782K, committed 3840K, reserved 1048576K
Event: 9.734 GC heap after
Heap after GC invocations=14 (full 1):
 PSYoungGen      total 340480K, used 3802K [0x0000000795580000, 0x00000007b6380000, 0x00000007c0000000)
  eden space 318464K, 0% used [0x0000000795580000,0x0000000795580000,0x00000007a8c80000)
  from space 22016K, 17% used [0x00000007a8c80000,0x00000007a9036a40,0x00000007aa200000)
  to   space 21504K, 0% used [0x00000007b4e80000,0x00000007b4e80000,0x00000007b6380000)
 ParOldGen       total 83968K, used 38170K [0x0000000740000000, 0x0000000745200000, 0x0000000795580000)
  object space 83968K, 45% used [0x0000000740000000,0x0000000742546b58,0x0000000745200000)
 Metaspace       used 28442K, capacity 29183K, committed 29440K, reserved 1075200K
  class space    used 3598K, capacity 3782K, committed 3840K, reserved 1048576K
}
Event: 11.130 GC heap before
{Heap before GC invocations=15 (full 1):
 PSYoungGen      total 340480K, used 322266K [0x0000000795580000, 0x00000007b6380000, 0x00000007c0000000)
  eden space 318464K, 100% used [0x0000000795580000,0x00000007a8c80000,0x00000007a8c80000)
  from space 22016K, 17% used [0x00000007a8c80000,0x00000007a9036a40,0x00000007aa200000)
  to   space 21504K, 0% used [0x00000007b4e80000,0x00000007b4e80000,0x00000007b6380000)
 ParOldGen       total 83968K, used 38170K [0x0000000740000000, 0x0000000745200000, 0x0000000795580000)
  object space 83968K, 45% used [0x0000000740000000,0x0000000742546b58,0x0000000745200000)
 Metaspace       used 32246K, capacity 33231K, committed 33408K, reserved 1079296K
  class space    used 4197K, capacity 4416K, committed 4480K, reserved 1048576K
Event: 11.159 GC heap after
Heap after GC invocations=15 (full 1):
 PSYoungGen      total 513024K, used 12669K [0x0000000795580000, 0x00000007b6200000, 0x00000007c0000000)
  eden space 493056K, 0% used [0x0000000795580000,0x0000000795580000,0x00000007b3700000)
  from space 19968K, 63% used [0x00000007b4e80000,0x00000007b5adf708,0x00000007b6200000)
  to   space 22016K, 0% used [0x00000007b3700000,0x00000007b3700000,0x00000007b4c80000)
 ParOldGen       total 83968K, used 39113K [0x0000000740000000, 0x0000000745200000, 0x0000000795580000)
  object space 83968K, 46% used [0x0000000740000000,0x00000007426327f8,0x0000000745200000)
 Metaspace       used 32246K, capacity 33231K, committed 33408K, reserved 1079296K
  class space    used 4197K, capacity 4416K, committed 4480K, reserved 1048576K
}
Event: 11.686 GC heap before
{Heap before GC invocations=16 (full 1):
 PSYoungGen      total 513024K, used 89796K [0x0000000795580000, 0x00000007b6200000, 0x00000007c0000000)
  eden space 493056K, 15% used [0x0000000795580000,0x000000079a0d1958,0x00000007b3700000)
  from space 19968K, 63% used [0x00000007b4e80000,0x00000007b5adf708,0x00000007b6200000)
  to   space 22016K, 0% used [0x00000007b3700000,0x00000007b3700000,0x00000007b4c80000)
 ParOldGen       total 83968K, used 39113K [0x0000000740000000, 0x0000000745200000, 0x0000000795580000)
  object space 83968K, 46% used [0x0000000740000000,0x00000007426327f8,0x0000000745200000)
 Metaspace       used 34132K, capacity 35427K, committed 35456K, reserved 1079296K
  class space    used 4441K, capacity 4736K, committed 4736K, reserved 1048576K
Event: 11.696 GC heap after
Heap after GC invocations=16 (full 1):
 PSYoungGen      total 515072K, used 3502K [0x0000000795580000, 0x00000007c0000000, 0x00000007c0000000)
  eden space 493056K, 0% used [0x0000000795580000,0x0000000795580000,0x00000007b3700000)
  from space 22016K, 15% used [0x00000007b3700000,0x00000007b3a6b880,0x00000007b4c80000)
  to   space 21504K, 0% used [0x00000007beb00000,0x00000007beb00000,0x00000007c0000000)
 ParOldGen       total 83968K, used 47017K [0x0000000740000000, 0x0000000745200000, 0x0000000795580000)
  object space 83968K, 55% used [0x0000000740000000,0x0000000742dea478,0x0000000745200000)
 Metaspace       used 34132K, capacity 35427K, committed 35456K, reserved 1079296K
  class space    used 4441K, capacity 4736K, committed 4736K, reserved 1048576K
}
Event: 11.696 GC heap before
{Heap before GC invocations=17 (full 2):
 PSYoungGen      total 515072K, used 3502K [0x0000000795580000, 0x00000007c0000000, 0x00000007c0000000)
  eden space 493056K, 0% used [0x0000000795580000,0x0000000795580000,0x00000007b3700000)
  from space 22016K, 15% used [0x00000007b3700000,0x00000007b3a6b880,0x00000007b4c80000)
  to   space 21504K, 0% used [0x00000007beb00000,0x00000007beb00000,0x00000007c0000000)
 ParOldGen       total 83968K, used 47017K [0x0000000740000000, 0x0000000745200000, 0x0000000795580000)
  object space 83968K, 55% used [0x0000000740000000,0x0000000742dea478,0x0000000745200000)
 Metaspace       used 34132K, capacity 35427K, committed 35456K, reserved 1079296K
  class space    used 4441K, capacity 4736K, committed 4736K, reserved 1048576K
Event: 11.812 GC heap after
Heap after GC invocations=17 (full 2):
 PSYoungGen      total 515072K, used 0K [0x0000000795580000, 0x00000007c0000000, 0x00000007c0000000)
  eden space 493056K, 0% used [0x0000000795580000,0x0000000795580000,0x00000007b3700000)
  from space 22016K, 0% used [0x00000007b3700000,0x00000007b3700000,0x00000007b4c80000)
  to   space 21504K, 0% used [0x00000007beb00000,0x00000007beb00000,0x00000007c0000000)
 ParOldGen       total 94720K, used 34624K [0x0000000740000000, 0x0000000745c80000, 0x0000000795580000)
  object space 94720K, 36% used [0x0000000740000000,0x00000007421d03b0,0x0000000745c80000)
 Metaspace       used 34132K, capacity 35427K, committed 35456K, reserved 1079296K
  class space    used 4441K, capacity 4736K, committed 4736K, reserved 1048576K
}
Event: 74.006 GC heap before
{Heap before GC invocations=18 (full 2):
 PSYoungGen      total 515072K, used 493056K [0x0000000795580000, 0x00000007c0000000, 0x00000007c0000000)
  eden space 493056K, 100% used [0x0000000795580000,0x00000007b3700000,0x00000007b3700000)
  from space 22016K, 0% used [0x00000007b3700000,0x00000007b3700000,0x00000007b4c80000)
  to   space 21504K, 0% used [0x00000007beb00000,0x00000007beb00000,0x00000007c0000000)
 ParOldGen       total 94720K, used 34624K [0x0000000740000000, 0x0000000745c80000, 0x0000000795580000)
  object space 94720K, 36% used [0x0000000740000000,0x00000007421d03b0,0x0000000745c80000)
 Metaspace       used 41388K, capacity 43019K, committed 43136K, reserved 1087488K
  class space    used 5380K, capacity 5729K, committed 5760K, reserved 1048576K
Event: 74.067 GC heap after
Heap after GC invocations=18 (full 2):
 PSYoungGen      total 675328K, used 14467K [0x0000000795580000, 0x00000007c0000000, 0x00000007c0000000)
  eden space 653824K, 0% used [0x0000000795580000,0x0000000795580000,0x00000007bd400000)
  from space 21504K, 67% used [0x00000007beb00000,0x00000007bf920c20,0x00000007c0000000)
  to   space 22528K, 0% used [0x00000007bd400000,0x00000007bd400000,0x00000007bea00000)
 ParOldGen       total 94720K, used 34632K [0x0000000740000000, 0x0000000745c80000, 0x0000000795580000)
  object space 94720K, 36% used [0x0000000740000000,0x00000007421d23b0,0x0000000745c80000)
 Metaspace       used 41388K, capacity 43019K, committed 43136K, reserved 1087488K
  class space    used 5380K, capacity 5729K, committed 5760K, reserved 1048576K
}

